{
  "RSpec": {
    "coverage": {
      "/Users/volodymyrshabaldas/Documents/Projects/storm_esbuild/app/models/user.rb": {
        "lines": [
          null,
          null,
          1,
          null,
          null,
          1,
          null,
          null,
          1,
          null
        ]
      },
      "/Users/volodymyrshabaldas/Documents/Projects/storm_esbuild/app/models/application_record.rb": {
        "lines": [
          null,
          null,
          1,
          1,
          null
        ]
      },
      "/Users/volodymyrshabaldas/Documents/Projects/storm_esbuild/app/helpers/admin/product_helper.rb": {
        "lines": [
          null,
          null,
          1,
          1,
          1,
          6,
          null,
          null,
          1,
          8,
          null,
          1,
          null,
          7,
          null,
          null,
          null,
          null
        ]
      },
      "/Users/volodymyrshabaldas/Documents/Projects/storm_esbuild/app/helpers/application_helper.rb": {
        "lines": [
          null,
          null,
          1,
          1,
          null
        ]
      },
      "/Users/volodymyrshabaldas/Documents/Projects/storm_esbuild/app/helpers/product_helper.rb": {
        "lines": [
          null,
          null,
          1,
          null
        ]
      },
      "/Users/volodymyrshabaldas/Documents/Projects/storm_esbuild/app/lib/database_seeds/dummy/product_categories_seed.rb": {
        "lines": [
          null,
          null,
          1,
          1,
          1,
          1,
          3,
          15,
          null,
          15,
          null,
          null,
          null,
          null,
          null,
          null,
          null,
          null,
          null,
          1,
          null,
          1,
          15,
          null,
          null,
          null,
          null
        ]
      },
      "/Users/volodymyrshabaldas/Documents/Projects/storm_esbuild/app/lib/database_seeds/dummy/product_options_seed.rb": {
        "lines": [
          null,
          null,
          1,
          1,
          1,
          1,
          null,
          3,
          3,
          null,
          null,
          3,
          null,
          16,
          null,
          null,
          3,
          null,
          34,
          null,
          null,
          3,
          null,
          26,
          26,
          null,
          null,
          null,
          3,
          null,
          14,
          14,
          null,
          null,
          null,
          1,
          null,
          1,
          74,
          74,
          null,
          null,
          null,
          null,
          null,
          null,
          1,
          56,
          56,
          null,
          null,
          null,
          null,
          null,
          null,
          null
        ]
      },
      "/Users/volodymyrshabaldas/Documents/Projects/storm_esbuild/app/lib/database_seeds/dummy/products_seed.rb": {
        "lines": [
          null,
          null,
          1,
          1,
          1,
          1,
          null,
          1,
          4,
          6,
          null,
          6,
          45,
          null,
          45,
          45,
          null,
          null,
          null,
          null,
          null,
          null,
          null,
          null,
          null,
          null,
          1,
          null,
          1,
          45,
          null,
          null,
          1,
          45,
          null,
          null,
          null,
          null
        ]
      },
      "/Users/volodymyrshabaldas/Documents/Projects/storm_esbuild/app/lib/database_seeds/main.rb": {
        "lines": [
          null,
          null,
          1,
          1,
          1,
          1,
          1,
          1,
          1,
          null,
          null,
          null
        ]
      },
      "/Users/volodymyrshabaldas/Documents/Projects/storm_esbuild/app/models/feedback_call.rb": {
        "lines": [
          null,
          null,
          1,
          1,
          null,
          null,
          null
        ]
      },
      "/Users/volodymyrshabaldas/Documents/Projects/storm_esbuild/app/models/option.rb": {
        "lines": [
          null,
          null,
          1,
          1,
          1,
          null,
          1,
          null,
          1,
          null,
          1,
          null
        ]
      },
      "/Users/volodymyrshabaldas/Documents/Projects/storm_esbuild/app/models/option_value.rb": {
        "lines": [
          null,
          null,
          1,
          1,
          1,
          null
        ]
      },
      "/Users/volodymyrshabaldas/Documents/Projects/storm_esbuild/app/models/product_category.rb": {
        "lines": [
          null,
          null,
          1,
          1,
          1,
          null,
          1,
          null,
          1,
          null
        ]
      },
      "/Users/volodymyrshabaldas/Documents/Projects/storm_esbuild/app/models/product_option.rb": {
        "lines": [
          null,
          null,
          1,
          1,
          1,
          null,
          1,
          null,
          1,
          null
        ]
      },
      "/Users/volodymyrshabaldas/Documents/Projects/storm_esbuild/app/models/product_option_value.rb": {
        "lines": [
          null,
          null,
          1,
          1,
          1,
          null,
          1,
          null
        ]
      },
      "/Users/volodymyrshabaldas/Documents/Projects/storm_esbuild/app/models/product.rb": {
        "lines": [
          null,
          null,
          1,
          1,
          1,
          1,
          1,
          1,
          1,
          null,
          null,
          4,
          4,
          null,
          1,
          1,
          null,
          1,
          null,
          1,
          null,
          null,
          4,
          4,
          null,
          1,
          1,
          null,
          null,
          1,
          1,
          null,
          null
        ]
      },
      "/Users/volodymyrshabaldas/Documents/Projects/storm_esbuild/app/policies/admin_policy.rb": {
        "lines": [
          null,
          null,
          1,
          1,
          27,
          null,
          27,
          null,
          null
        ]
      },
      "/Users/volodymyrshabaldas/Documents/Projects/storm_esbuild/app/policies/application_policy.rb": {
        "lines": [
          null,
          null,
          1,
          1,
          null,
          1,
          34,
          34,
          null,
          null,
          1,
          1,
          null,
          null,
          1,
          1,
          null,
          null,
          1,
          2,
          null,
          null,
          1,
          1,
          null,
          null,
          1,
          2,
          null,
          null,
          1,
          1,
          null,
          null,
          1,
          1,
          null,
          null,
          1,
          1,
          1,
          1,
          null,
          null,
          1,
          1,
          null,
          null,
          1,
          null,
          1,
          null,
          null
        ]
      },
      "/Users/volodymyrshabaldas/Documents/Projects/storm_esbuild/app/controllers/admin/feedback_calls_controller.rb": {
        "lines": [
          null,
          null,
          1,
          1,
          1,
          1,
          null,
          null,
          null
        ]
      },
      "/Users/volodymyrshabaldas/Documents/Projects/storm_esbuild/app/controllers/admin/base_controller.rb": {
        "lines": [
          null,
          null,
          1,
          1,
          1,
          1,
          null,
          1,
          null,
          1,
          null,
          1,
          25,
          null,
          null,
          null
        ]
      },
      "/Users/volodymyrshabaldas/Documents/Projects/storm_esbuild/app/controllers/application_controller.rb": {
        "lines": [
          null,
          null,
          1,
          1,
          1,
          null,
          1,
          1,
          null,
          null,
          1,
          1,
          1,
          null,
          1,
          1,
          null,
          1,
          1,
          null,
          null,
          1,
          1,
          null,
          null
        ]
      },
      "/Users/volodymyrshabaldas/Documents/Projects/storm_esbuild/app/lib/database_seeds/dummy/options_seed.rb": {
        "lines": [
          null,
          null,
          1,
          1,
          1,
          1,
          null,
          1,
          1,
          null,
          null,
          1,
          7,
          null,
          null,
          1,
          5,
          null,
          null,
          null,
          1,
          null,
          1,
          12,
          null,
          null,
          null,
          null
        ]
      },
      "/Users/volodymyrshabaldas/Documents/Projects/storm_esbuild/app/controllers/admin/product_categories_controller.rb": {
        "lines": [
          null,
          null,
          1,
          1,
          1,
          null,
          1,
          5,
          null,
          null,
          1,
          null,
          1,
          0,
          null,
          null,
          1,
          null,
          1,
          4,
          null,
          4,
          null,
          4,
          2,
          2,
          null,
          2,
          2,
          1,
          null,
          1,
          null,
          null,
          null,
          1,
          1,
          1,
          null,
          null,
          1,
          null,
          1,
          10,
          null,
          null,
          1,
          4,
          null,
          null,
          null
        ]
      },
      "/Users/volodymyrshabaldas/Documents/Projects/storm_esbuild/app/controllers/products_controller.rb": {
        "lines": [
          null,
          null,
          1,
          1,
          2,
          2,
          2,
          null,
          2,
          2,
          2,
          null,
          null,
          null,
          1,
          1,
          null,
          null
        ]
      },
      "/Users/volodymyrshabaldas/Documents/Projects/storm_esbuild/app/controllers/static_pages_controller.rb": {
        "lines": [
          null,
          null,
          1,
          1,
          3,
          null,
          null,
          1,
          3,
          null,
          3,
          3,
          6,
          null,
          null,
          null,
          1,
          null,
          1,
          3,
          null,
          null
        ]
      },
      "/Users/volodymyrshabaldas/Documents/Projects/storm_esbuild/app/controllers/admin/products_controller.rb": {
        "lines": [
          null,
          null,
          1,
          1,
          1,
          null,
          1,
          3,
          null,
          null,
          1,
          null,
          1,
          1,
          null,
          null,
          1,
          null,
          1,
          2,
          null,
          2,
          1,
          null,
          1,
          null,
          null,
          null,
          1,
          1,
          1,
          null,
          null,
          1,
          null,
          1,
          2,
          null,
          null,
          1,
          3,
          null,
          null,
          null
        ]
      },
      "/Users/volodymyrshabaldas/Documents/Projects/storm_esbuild/app/controllers/admin/dashboard_controller.rb": {
        "lines": [
          null,
          null,
          1,
          1,
          1,
          1,
          null,
          null,
          null
        ]
      }
    },
    "timestamp": 1684706835
  }
}
